<?xml version="1.0" encoding="UTF-8"?>
<!-- Generated by org.testng.reporters.JUnitReportReporter -->
<testsuite skipped="0" hostname="hp-PC" name="testNG_Features.MultipleSetOfData" tests="3" failures="0" timestamp="2022-03-02T14:53:45 PST" time="0.028" errors="0">
  <testcase name="schooldetails" time="0.021" classname="testNG_Features.MultipleSetOfData"/>
  <system-out/>
  <testcase name="schooldetails" time="0.004" classname="testNG_Features.MultipleSetOfData"/>
  <system-out/>
  <testcase name="schooldetails" time="0.003" classname="testNG_Features.MultipleSetOfData"/>
  <system-out/>
</testsuite> <!-- testNG_Features.MultipleSetOfData -->
