<?xml version="1.0" encoding="UTF-8"?>
<!-- Generated by org.testng.reporters.JUnitReportReporter -->
<testsuite skipped="0" hostname="hp-PC" name="testNG_Features.GroupOfGroups" tests="6" failures="0" timestamp="2022-03-02T13:45:43 PST" time="0.041" errors="0">
  <testcase name="spotify" time="0.002" classname="testNG_Features.GroupOfGroups"/>
  <system-out/>
  <testcase name="netflix" time="0.004" classname="testNG_Features.GroupOfGroups"/>
  <system-out/>
  <testcase name="wynk" time="0.005" classname="testNG_Features.GroupOfGroups"/>
  <system-out/>
  <testcase name="MXplayer" time="0.024" classname="testNG_Features.GroupOfGroups"/>
  <system-out/>
  <testcase name="primeMusic" time="0.003" classname="testNG_Features.GroupOfGroups"/>
  <system-out/>
  <testcase name="prime" time="0.003" classname="testNG_Features.GroupOfGroups"/>
  <system-out/>
</testsuite> <!-- testNG_Features.GroupOfGroups -->
