<?xml version="1.0" encoding="UTF-8"?>
<!-- Generated by org.testng.reporters.JUnitReportReporter -->
<testsuite skipped="1" hostname="hp-PC" name="testNG_Features.Ignore" tests="3" failures="0" timestamp="2022-03-02T12:21:06 PST" time="0.020" errors="0">
  <testcase name="wynk" time="0.002" classname="testNG_Features.Ignore"/>
  <system-out/>
  <testcase name="instagram" time="0.018" classname="testNG_Features.Ignore"/>
  <system-out/>
  <testcase name="spotify" classname="testNG_Features.Ignore">
    <skipped/>
  </testcase> <!-- spotify -->
  <system-out/>
</testsuite> <!-- testNG_Features.Ignore -->
