<?xml version="1.0" encoding="UTF-8"?>
<!-- Generated by org.testng.reporters.JUnitReportReporter -->
<testsuite skipped="0" hostname="hp-PC" name="testNG_Features.ExpectedExceptions" tests="1" failures="0" timestamp="2022-03-02T11:54:41 PST" time="0.019" errors="0">
  <testcase name="operations" time="0.019" classname="testNG_Features.ExpectedExceptions"/>
  <system-out/>
</testsuite> <!-- testNG_Features.ExpectedExceptions -->
