<?xml version="1.0" encoding="UTF-8"?>
<!-- Generated by org.testng.reporters.JUnitReportReporter -->
<testsuite skipped="0" hostname="hp-PC" name="testNG_Features.Grouping" tests="4" failures="0" timestamp="2022-03-02T12:58:36 PST" time="0.033" errors="0">
  <testcase name="apple" time="0.022" classname="testNG_Features.Grouping"/>
  <system-out/>
  <testcase name="grapes" time="0.004" classname="testNG_Features.Grouping"/>
  <system-out/>
  <testcase name="pineapple" time="0.004" classname="testNG_Features.Grouping"/>
  <system-out/>
  <testcase name="orange" time="0.003" classname="testNG_Features.Grouping"/>
  <system-out/>
</testsuite> <!-- testNG_Features.Grouping -->
