<?xml version="1.0" encoding="UTF-8"?>
<!-- Generated by org.testng.reporters.JUnitReportReporter -->
<testsuite skipped="0" hostname="hp-PC" name="testNG_Features.SingleSetOfData" tests="2" failures="0" timestamp="2022-03-02T14:28:15 PST" time="0.023" errors="0">
  <testcase name="schooldetails" time="0.020" classname="testNG_Features.SingleSetOfData"/>
  <system-out/>
  <testcase name="collegedetails" time="0.003" classname="testNG_Features.SingleSetOfData"/>
  <system-out/>
</testsuite> <!-- testNG_Features.SingleSetOfData -->
