<?xml version="1.0" encoding="UTF-8"?>
<!-- Generated by org.testng.reporters.JUnitReportReporter -->
<testsuite skipped="0" hostname="hp-PC" name="testNG_Features.InvocationCount" tests="5" failures="0" timestamp="2022-03-02T11:51:26 PST" time="0.036" errors="0">
  <testcase name="browserLaunch" time="0.021" classname="testNG_Features.InvocationCount"/>
  <system-out/>
  <testcase name="url" time="0.004" classname="testNG_Features.InvocationCount"/>
  <system-out/>
  <testcase name="refresh" time="0.004" classname="testNG_Features.InvocationCount"/>
  <system-out/>
  <testcase name="refresh" time="0.004" classname="testNG_Features.InvocationCount"/>
  <system-out/>
  <testcase name="refresh" time="0.003" classname="testNG_Features.InvocationCount"/>
  <system-out/>
</testsuite> <!-- testNG_Features.InvocationCount -->
