<?xml version="1.0" encoding="UTF-8"?>
<!-- Generated by org.testng.reporters.JUnitReportReporter -->
<testsuite skipped="0" hostname="hp-PC" name="testNG_Features.Priority" tests="2" failures="0" timestamp="2022-03-02T11:44:55 PST" time="0.044" errors="0">
  <testcase name="username" time="0.036" classname="testNG_Features.Priority"/>
  <system-out/>
  <testcase name="password" time="0.008" classname="testNG_Features.Priority"/>
  <system-out/>
</testsuite> <!-- testNG_Features.Priority -->
